<?xml version="1.0" encoding="UTF-8"?>
<testsuite xmlns:xsi="http://www.w3.org/2001/XMLSchema-instance" xsi:noNamespaceSchemaLocation="https://maven.apache.org/surefire/maven-surefire-plugin/xsd/surefire-test-report-3.0.xsd" version="3.0" name="runners.TestRunner" time="5.026" tests="1" errors="0" skipped="0" failures="0">
  <properties>
[...]
</properties>
  <testcase name="runScenario[&quot;Verify API response status code&quot;, &quot;API Testing with RestAssured, TestNG, and Cucumber&quot;](1)" classname="runners.TestRunner" time="2.881">
    <system-out><![CDATA[
Scenario: Verify API response status code &amp#27;[90m# src/test/resources/features/ApiTest.feature:3&amp#27;[0m
  &amp#27;[32mGiven &amp#27;[0m&amp#27;[32mI set up the API request&amp#27;[0m          &amp#27;[90m# stepdefinitions.ApiStepDefinitions.i_set_up_the_api_request()&amp#27;[0m
  &amp#27;[32mWhen &amp#27;[0m&amp#27;[32mI send the request to the API&amp#27;[0m      &amp#27;[90m# stepdefinitions.ApiStepDefinitions.i_send_the_request_to_the_api()&amp#27;[0m
  &amp#27;[32mThen &amp#27;[0m&amp#27;[32mI should receive a 200 status code&amp#27;[0m &amp#27;[90m# stepdefinitions.ApiStepDefinitions.i_should_receive_a_200_status_code()&amp#27;[0m
]]></system-out>
    <system-err><![CDATA[SLF4J: Failed to load class "org.slf4j.impl.StaticLoggerBinder".
SLF4J: Defaulting to no-operation (NOP) logger implementation
SLF4J: See http://www.slf4j.org/codes.html#StaticLoggerBinder for further details.
]]></system-err>
  </testcase>
</testsuite>